2025-03-14 15:17:07.525697 - INFO - logger.py:160 - _log - 
新活动窗口:
时间: 2025-03-14 15:17:07.525696
标题: 【-auto_win – window_monitor.py-】
句柄: 4849738
类名: SunAwtFrame
位置: (-7, -7)
大小: (1842, 1109)
最小化: False
最大化: True
2025-03-14 15:17:12.583529 - INFO - logger.py:160 - _log - 
新活动窗口:
时间: 2025-03-14 15:17:12.583529
标题: 【-README.md• - Typora-】
句柄: 5507552
类名: Chrome_WidgetWin_1
位置: (2126, -7)
大小: (1081, 1673)
最小化: False
最大化: True
2025-03-14 15:17:14.500816 - INFO - logger.py:160 - _log - 
新活动窗口:
时间: 2025-03-14 15:17:14.500815
标题: 【-auto_win – window_monitor.py-】
句柄: 4849738
类名: SunAwtFrame
位置: (-7, -7)
大小: (1842, 1109)
最小化: False
最大化: True
2025-03-14 15:17:16.042090 - INFO - logger.py:160 - _log - 窗口监听已停止
2025-03-14 15:17:37.825674 - INFO - logger.py:160 - _log - 
新活动窗口:
时间: 2025-03-14 15:17:37.825673
标题: 【-auto_win – window_monitor.py-】
句柄: 4849738
类名: SunAwtFrame
位置: (-7, -7)
大小: (1842, 1109)
最小化: False
最大化: True
2025-03-14 15:17:40.476948 - INFO - logger.py:160 - _log - 
新活动窗口:
时间: 2025-03-14 15:17:40.476948
标题: 【-README.md• - Typora-】
句柄: 5507552
类名: Chrome_WidgetWin_1
位置: (2126, -7)
大小: (1081, 1673)
最小化: False
最大化: True
2025-03-14 15:17:45.041735 - INFO - logger.py:160 - _log - 
新活动窗口:
时间: 2025-03-14 15:17:45.041734
标题: 【-auto_win – window_monitor.py-】
句柄: 4849738
类名: SunAwtFrame
位置: (-7, -7)
大小: (1842, 1109)
最小化: False
最大化: True
2025-03-14 15:17:46.990238 - INFO - logger.py:160 - _log - 窗口监听已停止
2025-03-14 15:23:25.540708 - INFO - logger.py:160 - _log - 
新活动窗口:
时间: 2025-03-14 15:23:25.540708
标题: 【-auto_win – window_monitor.py-】
句柄: 4849738
类名: SunAwtFrame
位置: (-7, -7)
大小: (1842, 1109)
最小化: False
最大化: True
2025-03-14 15:23:27.328939 - INFO - logger.py:160 - _log - 窗口监听已停止
2025-03-14 15:23:30.098531 - INFO - logger.py:160 - _log - 
新活动窗口:
时间: 2025-03-14 15:23:30.098531
标题: 【-auto_win – window_monitor.py-】
句柄: 4849738
类名: SunAwtFrame
位置: (-7, -7)
大小: (1842, 1109)
最小化: False
最大化: True
2025-03-14 15:23:31.599011 - INFO - logger.py:160 - _log - 
新活动窗口:
时间: 2025-03-14 15:23:31.599011
标题: 【-Chat - auto_win - Cursor [管理员]-】
句柄: 791752
类名: Chrome_WidgetWin_1
位置: (2125, -8)
大小: (1083, 1675)
最小化: False
最大化: True
2025-03-14 15:23:32.525477 - INFO - logger.py:160 - _log - 
新活动窗口:
时间: 2025-03-14 15:23:32.525477
标题: 【-auto_win – window_monitor.py-】
句柄: 4849738
类名: SunAwtFrame
位置: (-7, -7)
大小: (1842, 1109)
最小化: False
最大化: True
2025-03-14 15:23:34.017406 - INFO - logger.py:160 - _log - 窗口监听已停止
2025-03-14 15:24:45.217416 - INFO - logger.py:160 - _log - 
新活动窗口:
时间: 2025-03-14 15:24:45.217416
标题: 【-auto_win – window_monitor.py-】
句柄: 4849738
类名: SunAwtFrame
位置: (-7, -7)
大小: (1842, 1109)
最小化: False
最大化: True
2025-03-14 15:24:46.711984 - INFO - logger.py:160 - _log - 
新活动窗口:
时间: 2025-03-14 15:24:46.711984
标题: 【-Chat - auto_win - Cursor [管理员]-】
句柄: 791752
类名: Chrome_WidgetWin_1
位置: (2125, -8)
大小: (1083, 1675)
最小化: False
最大化: True
2025-03-14 15:24:47.512606 - INFO - logger.py:160 - _log - 
新活动窗口:
时间: 2025-03-14 15:24:47.512606
标题: 【-auto_win – window_monitor.py-】
句柄: 4849738
类名: SunAwtFrame
位置: (-7, -7)
大小: (1842, 1109)
最小化: False
最大化: True
2025-03-14 15:24:50.865778 - INFO - logger.py:160 - _log - 
新活动窗口:
时间: 2025-03-14 15:24:50.865777
标题: 【-Chat - auto_win - Cursor [管理员]-】
句柄: 791752
类名: Chrome_WidgetWin_1
位置: (2125, -8)
大小: (1083, 1675)
最小化: False
最大化: True
2025-03-14 15:24:52.767147 - INFO - logger.py:160 - _log - 
新活动窗口:
时间: 2025-03-14 15:24:52.767147
标题: 【-auto_win – window_monitor.py-】
句柄: 4849738
类名: SunAwtFrame
位置: (-7, -7)
大小: (1842, 1109)
最小化: False
最大化: True
2025-03-14 15:24:52.924454 - INFO - logger.py:160 - _log - 窗口监听已停止
2025-03-14 15:32:31.866367 - INFO - logger.py:160 - _log - 
新活动窗口:
时间: 2025-03-14 15:32:31.866366
标题: 【-auto_win – window_monitor.py-】
句柄: 4849738
类名: SunAwtFrame
位置: (-7, -7)
大小: (1842, 1109)
最小化: False
最大化: True
2025-03-14 15:32:33.403823 - INFO - logger.py:160 - _log - 
新活动窗口:
时间: 2025-03-14 15:32:33.403823
标题: 【-Chat - auto_win - Cursor [管理员]-】
句柄: 791752
类名: Chrome_WidgetWin_1
位置: (2125, -8)
大小: (1083, 1675)
最小化: False
最大化: True
2025-03-14 15:32:34.546019 - INFO - logger.py:160 - _log - 
新活动窗口:
时间: 2025-03-14 15:32:34.546018
标题: 【-auto_win – window_monitor.py-】
句柄: 4849738
类名: SunAwtFrame
位置: (-7, -7)
大小: (1842, 1109)
最小化: False
最大化: True
2025-03-14 15:32:35.562940 - INFO - logger.py:160 - _log - 窗口监听已停止
2025-03-14 15:32:55.002285 - INFO - logger.py:160 - _log - 
新活动窗口:
时间: 2025-03-14 15:32:55.002284
标题: 【-auto_win – window_monitor.py-】
句柄: 4849738
类名: SunAwtFrame
位置: (-7, -7)
大小: (1842, 1109)
最小化: False
最大化: True
2025-03-14 15:32:56.224819 - INFO - logger.py:160 - _log - 
新活动窗口:
时间: 2025-03-14 15:32:56.224818
标题: 【-Chat - auto_win - Cursor [管理员]-】
句柄: 791752
类名: Chrome_WidgetWin_1
位置: (2125, -8)
大小: (1083, 1675)
最小化: False
最大化: True
2025-03-14 15:32:57.174971 - INFO - logger.py:160 - _log - 
新活动窗口:
时间: 2025-03-14 15:32:57.174970
标题: 【-auto_win – window_monitor.py-】
句柄: 4849738
类名: SunAwtFrame
位置: (-7, -7)
大小: (1842, 1109)
最小化: False
最大化: True
2025-03-14 15:32:58.119593 - INFO - logger.py:160 - _log - 窗口监听已停止
2025-03-14 17:36:19.623454 - INFO - logger.py:160 - _log - 
新活动窗口:
时间: 2025-03-14 17:36:19.623453
标题: 【-auto_win – window_monitor.py-】
句柄: 4849738
类名: SunAwtFrame
位置: (-7, -7)
大小: (1842, 1109)
最小化: False
最大化: True
2025-03-14 17:36:22.352031 - INFO - logger.py:160 - _log - 
窗口状态变化:
时间: 2025-03-14 17:36:22.352030
标题: 【-auto_win – window_monitor.py-】
句柄: 4849738
类名: SunAwtFrame
位置: (-7, -7)
大小: (1842, 1109)
最小化: True
最大化: False
2025-03-14 17:36:22.353320 - INFO - logger.py:160 - _log - 
窗口状态变化:
时间: 2025-03-14 17:36:22.353320
标题: 【-auto_win – window_monitor.py-】
句柄: 4849738
类名: SunAwtFrame
位置: (-18286, -18286)
大小: (158, 26)
最小化: True
最大化: False
2025-03-14 17:36:22.507031 - INFO - logger.py:160 - _log - 
新活动窗口:
时间: 2025-03-14 17:36:22.507031
标题: 【--】
句柄: 11472700
类名: WorkerW
位置: (0, 0)
大小: (2743, 1463)
最小化: False
最大化: False
2025-03-14 17:36:23.906569 - INFO - logger.py:160 - _log - 
新活动窗口:
时间: 2025-03-14 17:36:23.906287
标题: 【--】
句柄: 131468
类名: Shell_TrayWnd
位置: (0, 1095)
大小: (1829, 48)
最小化: False
最大化: False
2025-03-14 17:36:24.025291 - INFO - logger.py:160 - _log - 
新活动窗口:
时间: 2025-03-14 17:36:24.025291
标题: 【-auto_win – window_monitor.py-】
句柄: 4849738
类名: SunAwtFrame
位置: (-18286, -18286)
大小: (158, 26)
最小化: True
最大化: False
2025-03-14 17:36:24.037688 - INFO - logger.py:160 - _log - 
窗口状态变化:
时间: 2025-03-14 17:36:24.037688
标题: 【-auto_win – window_monitor.py-】
句柄: 4849738
类名: SunAwtFrame
位置: (-18286, -18286)
大小: (158, 26)
最小化: False
最大化: True
2025-03-14 17:36:24.038782 - INFO - logger.py:160 - _log - 
窗口状态变化:
时间: 2025-03-14 17:36:24.038781
标题: 【-auto_win – window_monitor.py-】
句柄: 4849738
类名: SunAwtFrame
位置: (-7, -7)
大小: (1842, 1109)
最小化: False
最大化: True
2025-03-14 17:36:40.710926 - INFO - logger.py:160 - _log - 窗口监听已停止
2025-03-14 17:38:48.857540 - INFO - logger.py:160 - _log - 
新活动窗口:
时间: 2025-03-14 17:38:48.857540
标题: 【-auto_win – window_monitor.py-】
句柄: 4849738
类名: SunAwtFrame
位置: (-6, 1)
大小: (1154, 1094)
最小化: False
最大化: False
2025-03-14 17:38:50.176713 - INFO - logger.py:160 - _log - 
新活动窗口:
时间: 2025-03-14 17:38:50.176713
标题: 【--】
句柄: 11472700
类名: WorkerW
位置: (0, 0)
大小: (2743, 1463)
最小化: False
最大化: False
2025-03-14 17:38:52.741938 - INFO - logger.py:160 - _log - 
新活动窗口:
时间: 2025-03-14 17:38:52.741938
标题: 【--】
句柄: 131468
类名: Shell_TrayWnd
位置: (0, 1095)
大小: (1829, 48)
最小化: False
最大化: False
2025-03-14 17:38:54.378090 - INFO - logger.py:160 - _log - 
新活动窗口:
时间: 2025-03-14 17:38:54.378090
标题: 【--】
句柄: 11472700
类名: WorkerW
位置: (0, 0)
大小: (2743, 1463)
最小化: False
最大化: False
2025-03-14 17:38:58.878478 - INFO - logger.py:160 - _log - 
新活动窗口:
时间: 2025-03-14 17:38:58.878478
标题: 【-auto_win – window_monitor.py-】
句柄: 4849738
类名: SunAwtFrame
位置: (-6, 1)
大小: (1154, 1094)
最小化: False
最大化: False
2025-03-14 17:39:00.301084 - INFO - logger.py:160 - _log - 
新活动窗口:
时间: 2025-03-14 17:39:00.301083
标题: 【--】
句柄: 11472700
类名: WorkerW
位置: (0, 0)
大小: (2743, 1463)
最小化: False
最大化: False
2025-03-14 17:39:02.179431 - INFO - logger.py:160 - _log - 
新活动窗口:
时间: 2025-03-14 17:39:02.179431
标题: 【-auto_win – window_monitor.py-】
句柄: 4849738
类名: SunAwtFrame
位置: (-6, 1)
大小: (1154, 1094)
最小化: False
最大化: False
2025-03-14 17:39:02.310377 - INFO - logger.py:160 - _log - 窗口监听已停止
